e:\vsproject\bsdiffutil\bsdiffutil\x64\debug\bsdiffutil.lib
e:\vsproject\bsdiffutil\bsdiffutil\x64\debug\bsdiffutil.exp
e:\vsproject\bsdiffutil\bsdiffutil\bsdiffutil\x64\debug\bsdiffutil.pch
e:\vsproject\bsdiffutil\bsdiffutil\bsdiffutil\x64\debug\vc140.pdb
e:\vsproject\bsdiffutil\bsdiffutil\bsdiffutil\x64\debug\vc140.idb
e:\vsproject\bsdiffutil\bsdiffutil\bsdiffutil\x64\debug\stdafx.obj
e:\vsproject\bsdiffutil\bsdiffutil\bsdiffutil\x64\debug\blocksort.obj
e:\vsproject\bsdiffutil\bsdiffutil\bsdiffutil\x64\debug\bzlib.obj
e:\vsproject\bsdiffutil\bsdiffutil\bsdiffutil\x64\debug\compress.obj
e:\vsproject\bsdiffutil\bsdiffutil\bsdiffutil\x64\debug\crctable.obj
e:\vsproject\bsdiffutil\bsdiffutil\bsdiffutil\x64\debug\decompress.obj
e:\vsproject\bsdiffutil\bsdiffutil\bsdiffutil\x64\debug\huffman.obj
e:\vsproject\bsdiffutil\bsdiffutil\bsdiffutil\x64\debug\randtable.obj
e:\vsproject\bsdiffutil\bsdiffutil\bsdiffutil\x64\debug\bsdiff.obj
e:\vsproject\bsdiffutil\bsdiffutil\x64\debug\bsdiffutil.ilk
e:\vsproject\bsdiffutil\bsdiffutil\x64\debug\bsdiffutil.dll
e:\vsproject\bsdiffutil\bsdiffutil\x64\debug\bsdiffutil.pdb
e:\vsproject\bsdiffutil\bsdiffutil\bsdiffutil\x64\debug\bsdiffutil.tlog\bsdiffutil.write.1u.tlog
e:\vsproject\bsdiffutil\bsdiffutil\bsdiffutil\x64\debug\bsdiffutil.tlog\cl.command.1.tlog
e:\vsproject\bsdiffutil\bsdiffutil\bsdiffutil\x64\debug\bsdiffutil.tlog\cl.read.1.tlog
e:\vsproject\bsdiffutil\bsdiffutil\bsdiffutil\x64\debug\bsdiffutil.tlog\cl.write.1.tlog
e:\vsproject\bsdiffutil\bsdiffutil\bsdiffutil\x64\debug\bsdiffutil.tlog\link.command.1.tlog
e:\vsproject\bsdiffutil\bsdiffutil\bsdiffutil\x64\debug\bsdiffutil.tlog\link.read.1.tlog
e:\vsproject\bsdiffutil\bsdiffutil\bsdiffutil\x64\debug\bsdiffutil.tlog\link.write.1.tlog
